\BOOKMARK [0][-]{chapter.1}{\376\377\000C\000l\000a\000s\000s\000\040\000I\000n\000d\000e\000x}{}
\BOOKMARK [1][-]{section.1.1}{\376\377\000C\000l\000a\000s\000s\000\040\000L\000i\000s\000t}{chapter.1}
\BOOKMARK [0][-]{chapter.2}{\376\377\000C\000l\000a\000s\000s\000\040\000D\000o\000c\000u\000m\000e\000n\000t\000a\000t\000i\000o\000n}{}
\BOOKMARK [1][-]{section.2.1}{\376\377\000A\000c\000t\000u\000a\000t\000i\000o\000n\000V\000a\000l\000u\000e\000\040\000C\000l\000a\000s\000s\000\040\000R\000e\000f\000e\000r\000e\000n\000c\000e}{chapter.2}
\BOOKMARK [1][-]{section.2.2}{\376\377\000A\000n\000g\000u\000l\000a\000r\000V\000e\000l\000\040\000C\000l\000a\000s\000s\000\040\000R\000e\000f\000e\000r\000e\000n\000c\000e}{chapter.2}
\BOOKMARK [1][-]{section.2.3}{\376\377\000g\000a\000z\000e\000b\000o\000:\000:\000G\000a\000z\000e\000b\000o\000I\000M\000U\000P\000l\000u\000g\000i\000n\000\040\000C\000l\000a\000s\000s\000\040\000R\000e\000f\000e\000r\000e\000n\000c\000e}{chapter.2}
\BOOKMARK [2][-]{subsection.2.3.1}{\376\377\000D\000e\000t\000a\000i\000l\000e\000d\000\040\000D\000e\000s\000c\000r\000i\000p\000t\000i\000o\000n}{section.2.3}
\BOOKMARK [2][-]{subsection.2.3.2}{\376\377\000M\000e\000m\000b\000e\000r\000\040\000F\000u\000n\000c\000t\000i\000o\000n\000\040\000D\000o\000c\000u\000m\000e\000n\000t\000a\000t\000i\000o\000n}{section.2.3}
\BOOKMARK [3][-]{subsubsection.2.3.2.1}{\376\377\000L\000o\000a\000d}{subsection.2.3.2}
\BOOKMARK [1][-]{section.2.4}{\376\377\000g\000a\000z\000e\000b\000o\000:\000:\000G\000a\000z\000e\000b\000o\000M\000o\000d\000e\000l\000P\000l\000u\000g\000i\000n\000\040\000C\000l\000a\000s\000s\000\040\000R\000e\000f\000e\000r\000e\000n\000c\000e}{chapter.2}
\BOOKMARK [2][-]{subsection.2.4.1}{\376\377\000D\000e\000t\000a\000i\000l\000e\000d\000\040\000D\000e\000s\000c\000r\000i\000p\000t\000i\000o\000n}{section.2.4}
\BOOKMARK [2][-]{subsection.2.4.2}{\376\377\000M\000e\000m\000b\000e\000r\000\040\000F\000u\000n\000c\000t\000i\000o\000n\000\040\000D\000o\000c\000u\000m\000e\000n\000t\000a\000t\000i\000o\000n}{section.2.4}
\BOOKMARK [3][-]{subsubsection.2.4.2.1}{\376\377\000c\000a\000l\000l\000b\000a\000c\000k\000\137\000i\000m\000u}{subsection.2.4.2}
\BOOKMARK [3][-]{subsubsection.2.4.2.2}{\376\377\000O\000n\000U\000p\000d\000a\000t\000e}{subsection.2.4.2}
\BOOKMARK [1][-]{section.2.5}{\376\377\000G\000P\000S\000\040\000C\000l\000a\000s\000s\000\040\000R\000e\000f\000e\000r\000e\000n\000c\000e}{chapter.2}
\BOOKMARK [1][-]{section.2.6}{\376\377\000I\000M\000U\000\040\000C\000l\000a\000s\000s\000\040\000R\000e\000f\000e\000r\000e\000n\000c\000e}{chapter.2}
\BOOKMARK [1][-]{section.2.7}{\376\377\000M\000A\000G\000\040\000C\000l\000a\000s\000s\000\040\000R\000e\000f\000e\000r\000e\000n\000c\000e}{chapter.2}
\BOOKMARK [1][-]{section.2.8}{\376\377\000M\000e\000c\000h\000a\000n\000i\000c\000s\000\040\000C\000l\000a\000s\000s\000\040\000R\000e\000f\000e\000r\000e\000n\000c\000e}{chapter.2}
\BOOKMARK [1][-]{section.2.9}{\376\377\000Q\000u\000a\000d\000R\000o\000t\000o\000r\000D\000y\000n\000a\000m\000i\000c\000s\000\040\000C\000l\000a\000s\000s\000\040\000R\000e\000f\000e\000r\000e\000n\000c\000e}{chapter.2}
\BOOKMARK [2][-]{subsection.2.9.1}{\376\377\000D\000e\000t\000a\000i\000l\000e\000d\000\040\000D\000e\000s\000c\000r\000i\000p\000t\000i\000o\000n}{section.2.9}
\BOOKMARK [2][-]{subsection.2.9.2}{\376\377\000M\000e\000m\000b\000e\000r\000\040\000F\000u\000n\000c\000t\000i\000o\000n\000\040\000D\000o\000c\000u\000m\000e\000n\000t\000a\000t\000i\000o\000n}{section.2.9}
\BOOKMARK [3][-]{subsubsection.2.9.2.1}{\376\377\000a\000e\000r\000o\000d\000y\000n\000a\000m\000i\000c\000s}{subsection.2.9.2}
\BOOKMARK [3][-]{subsubsection.2.9.2.2}{\376\377\000c\000h\000e\000c\000k\000\137\000l\000i\000m\000i\000t\000s}{subsection.2.9.2}
\BOOKMARK [3][-]{subsubsection.2.9.2.3}{\376\377\000d\000i\000s\000t\000u\000r\000b\000a\000n\000c\000e}{subsection.2.9.2}
\BOOKMARK [3][-]{subsubsection.2.9.2.4}{\376\377\000g\000e\000t\000M\000e\000c\000h\000a\000n\000i\000c\000s}{subsection.2.9.2}
\BOOKMARK [3][-]{subsubsection.2.9.2.5}{\376\377\000g\000e\000t\000T\000h\000r\000u\000s\000t}{subsection.2.9.2}
\BOOKMARK [3][-]{subsubsection.2.9.2.6}{\376\377\000g\000e\000t\000T\000o\000r\000q\000u\000e}{subsection.2.9.2}
\BOOKMARK [3][-]{subsubsection.2.9.2.7}{\376\377\000p\000t\0001\000\137\000e\000l\000e\000m\000e\000n\000t}{subsection.2.9.2}
\BOOKMARK [3][-]{subsubsection.2.9.2.8}{\376\377\000r\000o\000l\000l\000\137\000p\000i\000t\000c\000h\000\137\000t\000o\000r\000q\000u\000e}{subsection.2.9.2}
\BOOKMARK [3][-]{subsubsection.2.9.2.9}{\376\377\000s\000e\000t\000\137\000k\000\137\000p\000t\0001}{subsection.2.9.2}
\BOOKMARK [3][-]{subsubsection.2.9.2.10}{\376\377\000s\000e\000t\000E\000r\000r\000o\000r\000T\000y\000p\000e}{subsection.2.9.2}
\BOOKMARK [3][-]{subsubsection.2.9.2.11}{\376\377\000u\000p\000d\000a\000t\000e}{subsection.2.9.2}
\BOOKMARK [2][-]{subsection.2.9.3}{\376\377\000M\000e\000m\000b\000e\000r\000\040\000D\000a\000t\000a\000\040\000D\000o\000c\000u\000m\000e\000n\000t\000a\000t\000i\000o\000n}{section.2.9}
\BOOKMARK [3][-]{subsubsection.2.9.3.1}{\376\377\000\137\000a\000c\000t\000u\000a\000t\000i\000o\000n\000\137\000v\000a\000l\000u\000e}{subsection.2.9.3}
\BOOKMARK [3][-]{subsubsection.2.9.3.2}{\376\377\000\137\000d\000T}{subsection.2.9.3}
\BOOKMARK [1][-]{section.2.10}{\376\377\000S\000e\000n\000s\000o\000r\000s\000\040\000C\000l\000a\000s\000s\000\040\000R\000e\000f\000e\000r\000e\000n\000c\000e}{chapter.2}
\BOOKMARK [1][-]{section.2.11}{\376\377\000S\000I\000L\000\040\000C\000l\000a\000s\000s\000\040\000R\000e\000f\000e\000r\000e\000n\000c\000e}{chapter.2}
\BOOKMARK [2][-]{subsection.2.11.1}{\376\377\000D\000e\000t\000a\000i\000l\000e\000d\000\040\000D\000e\000s\000c\000r\000i\000p\000t\000i\000o\000n}{section.2.11}
\BOOKMARK [2][-]{subsection.2.11.2}{\376\377\000M\000e\000m\000b\000e\000r\000\040\000F\000u\000n\000c\000t\000i\000o\000n\000\040\000D\000o\000c\000u\000m\000e\000n\000t\000a\000t\000i\000o\000n}{section.2.11}
\BOOKMARK [3][-]{subsubsection.2.11.2.1}{\376\377\000u\000p\000d\000a\000t\000e}{subsection.2.11.2}
\BOOKMARK [2][-]{subsection.2.11.3}{\376\377\000M\000e\000m\000b\000e\000r\000\040\000D\000a\000t\000a\000\040\000D\000o\000c\000u\000m\000e\000n\000t\000a\000t\000i\000o\000n}{section.2.11}
\BOOKMARK [3][-]{subsubsection.2.11.3.1}{\376\377\000\137\000a\000c\000t\000u\000a\000t\000i\000o\000n\000\137\000v\000a\000l\000u\000e}{subsection.2.11.3}
\BOOKMARK [1][-]{section.2.12}{\376\377\000T\000h\000r\000u\000s\000t\000\040\000C\000l\000a\000s\000s\000\040\000R\000e\000f\000e\000r\000e\000n\000c\000e}{chapter.2}
\BOOKMARK [1][-]{section.2.13}{\376\377\000T\000o\000r\000q\000u\000e\000\040\000C\000l\000a\000s\000s\000\040\000R\000e\000f\000e\000r\000e\000n\000c\000e}{chapter.2}
