\BOOKMARK [0][-]{chapter.1}{GPS}{}% 1
\BOOKMARK [1][-]{section.1.1}{Grundlagen Globale Navigationssysteme \(GNSS\)}{chapter.1}% 2
\BOOKMARK [2][-]{subsection.1.1.1}{Funktionsprinzip GNSS}{section.1.1}% 3
\BOOKMARK [2][-]{subsection.1.1.2}{Satellitensysteme}{section.1.1}% 4
\BOOKMARK [2][-]{subsection.1.1.3}{Erh\366hung der Pr\344zision bei der Ortung}{section.1.1}% 5
\BOOKMARK [2][-]{subsection.1.1.4}{Sonstige Satellitengest\374tzte Navigationssysteme}{section.1.1}% 6
\BOOKMARK [1][-]{section.1.2}{Einschr\344nkung der Nutzung von GNSS-Diensten}{chapter.1}% 7
\BOOKMARK [2][-]{subsection.1.2.1}{Selective Availability \(S/A\)}{section.1.2}% 8
\BOOKMARK [2][-]{subsection.1.2.2}{Lokale T\344uschung durch Spoofing, Jamming, Meaconning}{section.1.2}% 9
\BOOKMARK [2][-]{subsection.1.2.3}{Geplante Einschr\344nkungen}{section.1.2}% 10
\BOOKMARK [0][-]{chapter.2}{Rechtliches}{}% 11
\BOOKMARK [1][-]{section.2.1}{Motivation}{chapter.2}% 12
\BOOKMARK [1][-]{section.2.2}{Geltendes Recht in der Luftfahrt}{chapter.2}% 13
\BOOKMARK [1][-]{section.2.3}{Nutzung des Luftraumes}{chapter.2}% 14
\BOOKMARK [1][-]{section.2.4}{Autonomer Flug}{chapter.2}% 15
\BOOKMARK [1][-]{section.2.5}{Versicherungspflicht}{chapter.2}% 16
\BOOKMARK [1][-]{section.2.6}{Gewicht eines unbemannten Luftfahrzeuges}{chapter.2}% 17
\BOOKMARK [1][-]{section.2.7}{Fluggenehmigung}{chapter.2}% 18
\BOOKMARK [1][-]{section.2.8}{Luftaufnahmen}{chapter.2}% 19
\BOOKMARK [2][-]{subsection.2.8.1}{Verletzung des h\366chstpers\366nlichen Lebensbereichs}{section.2.8}% 20
\BOOKMARK [2][-]{subsection.2.8.2}{Polizei}{section.2.8}% 21
\BOOKMARK [2][-]{subsection.2.8.3}{Recht am eigenen Bild}{section.2.8}% 22
\BOOKMARK [2][-]{subsection.2.8.4}{\326ffentlicher Raum}{section.2.8}% 23
\BOOKMARK [1][-]{section.2.9}{Flugh\366he}{chapter.2}% 24
\BOOKMARK [0][-]{section.2.9}{Anhang}{}% 25
\BOOKMARK [0][-]{appendix.A}{GPS Artikel}{}% 26
\BOOKMARK [1][-]{section.A.1}{Zeitungsartikel}{appendix.A}% 27
\BOOKMARK [0][-]{appendix.B}{Vortrag Rechtliches}{}% 28
\BOOKMARK [1][-]{section.B.1}{Pr\344sentation Rechtliches}{appendix.B}% 29
\BOOKMARK [0][-]{appendix*.7}{Literaturverzeichnis}{}% 30
