This is pdfTeX, Version 3.1415926-1.40.10 (TeX Live 2009/Debian) (format=etex 2014.1.4)  8 APR 2015 19:05
entering extended mode
 %&-line parsing enabled.
**etoc.ins
(./etoc.ins (/usr/share/texmf-texlive/tex/latex/base/docstrip.tex
\blockLevel=\count27
\emptyLines=\count28
\processedLines=\count29
\commentsRemoved=\count30
\commentsPassed=\count31
\codeLinesPassed=\count32
\TotalprocessedLines=\count33
\TotalcommentsRemoved=\count34
\TotalcommentsPassed=\count35
\TotalcodeLinesPassed=\count36
\NumberOfFiles=\count37
\inFile=\read1
\inputcheck=\read2
\@tempcnta=\count38
\off@0=\count39
\off@1=\count40
\off@2=\count41
\off@3=\count42
\off@4=\count43
\off@5=\count44
\off@6=\count45
\off@7=\count46
\off@8=\count47
\off@9=\count48
\off@10=\count49
\off@11=\count50
\off@12=\count51
\off@13=\count52
\off@14=\count53
\off@15=\count54
\@temptokena=\toks13
\@maxfiles=\count55
\@maxoutfiles=\count56

Utility: `docstrip' 2.5d <2005/07/29>
English documentation    <1999/03/31>

**********************************************************
* This program converts documented macro-files into fast *
* loadable files by stripping off (nearly) all comments! *
**********************************************************

********************************************************
* No Configuration file found, using default settings. *
********************************************************

)

Generating file(s) README.md etoc.tex etoc-DE.tex etoc.sty 
\openout0 = `README.md'.

\openout1 = `etoc.tex'.

\openout2 = `etoc-DE.tex'.

\openout3 = `etoc.sty'.


Processing file etoc.dtx (readme) -> README.md
                         (tex) -> etoc.tex
                         (DEtex) -> etoc-DE.tex
                         (package) -> etoc.sty
% <*none . . . > <*!readme > <*insfile . . . . > <*none % % . . . % % . . . .
. . % % % % % % % % % % % % % % % % % % % % % % % % % % % % % . . > <*readme .
. . . . . . . . . . . . . . . . . . . . . . . . . . . . . . . . . . . . . . .
. . . . . . . . . . . . . . . . . . . . . . . . . . . . . . . . . . . . . . .
. . . . . . . . . . . . . . . . . . . . . . . . . . . . . . . . . . . . . . .
. . . . . . . . . . / . . . . . . . . . . . . . . . . . . . . . . . . . . . .
. . . . . . . . . . . . . . . . . . . . . . . . . . . . . . . . . . . . . . .
. . . . . . . . . . . . . . > <*tex . . . . . . . . . > <*DEtex . . . . . . .
. . > <*insfile . . . . . . . . . . . . . . . . . . . . . . . . . . . . . . .
. . . . > <*none . % . . . . . . . . . . . . . . . . . . . . . . . . . . . . .
. . . . . . . . . . . . . . . . . . . . . . . . . . . . . . . . . . . . . . .
. . % % . % % . . . . . . . . . . . . . . . . . . . . . . . . . . . % . % . .
. . . . . . . . . . % % % % . . . . . . . . . . . . . % % . . . . . / % % . .
% % % % % % % % % % % % . % % % % % . % % . . % . . . . . . . . . . . . . . .
. . . . . . . . . . . . . . . . . . . . % % . . . . . . % . . % % . % % % % .
% % % . . . . . . . . . . . . . . . . . . . . . . . . . . . . . . . . . . . .
. . . . . . . . . . . . . . . . . . . . . . . . . . . . . . . . . . . . % . %
% % % % % % % . % % . % . . % . . . . . . . . . . . . . . . . . . . . . . . .
. . . . . . . . % . . . . . . % % % % . % . . . . . / % % . % % % . % % . . .
. . . % % . . . . . . % % % % % % % % . . . . . . . . . . . . . . . . . . . .
. . . . . . . . . % % % % % . % . . . . . . . . . . . . . . . . . . . . . . .
. . . . . . . . . . . . . . . . . . . . . . . . . . . . . . . . . . . . . . .
. . . . . % % . . . . . . . . . . . . . . . . % . . . . . % . . . . . . . . .
% % . . . . . % % . . . . . . . . . . . . . . . . . . % . . % % . . . / . . .
. . . . . . . . . . . . . . . . . . . . . . . . . . . . . . . . . . . . . . .
. . . . . . . . . . . . . . . . . . . . . . . . . . . . . . . . . . . . . . .
. . . . . . . . . . . . . . . . . . . . . . . . . . . . . . . . . . . . . . .
. . . . . % . . . . . . % % . . . . . . . % . . . . . . . . . . . . . . . % %
. . . . . . . . . . . . . . . . . . . . . . . . . . . . . % % . . . . . . . .
. . . . . . . . . . . . . . . . . . . . . . . . . . . . . . . % % % . . . . .
. . . . . . . . . . . . . . . . . . . . . . . . . . . . . . . . . . . . . . .
. . . . . . . . . . . . . . . . . . . . . . . . . . . . . . . . . . . . . . .
. . . . . . . . . . / . . . . . . . . . . . . . . . . . . . . . % % % % % % %
. . . . . . . . . . . % % % . . . . . . . . . . . . . . . . . . . . . . . . .
. . . . . . . . . . . . . . . . . / . . . . . . . . . . . . . . . . . . . . .
. . . . . . . . . . . . / . . . . . . . . . . . . . . . . . . . . . . . . . .
. . . . . . . . . . . . . . . . . . . . . . . . . . / . . . . . . . . . . . .
. . . . . . . . . . . . . . . . . . . . . . . . . . . . . . . . . . . . / / .
. . . . . . . . . . . . . . . . . . . . . . . . . . . . . . / . . . . . . . .
. . . . . . . . / / . . . . . . . . . . . . . . . . . . . . . . . . . . . . .
. . . . . . . . . . . . . . . . . . . . . . . . . . . . . . . . . . . . . . .
. . . . . . . . . . . . . . . . . . . . . . . . . . . . . . . . . . . . . . .
. . . . . . . . . . . . . . . . . . . . . . . . . . . . . . . . . . . . . . .
. . . . . . . . . . . . . . . . . . . . . . . . . . . . . . . . . . . . . . .
. . . . % . . . / . % . . . % . . . . . . . . . . . . . . . . . . . . . . . .
. . . . . . . . . . . . . . . . . . . . . . . . . . . . . . . . . . . . . . .
. . . . . . . . . . . . . . . . . . . . . . . . . . . . . . . . . . . . . . .
. . . . . . . . . . . . . . . . . . . . . . . . . . . . . . . . . . . . . . .
. . . . . . . . . . . . . . . . . . . . . . . . . . . . . . . . . . . . . . .
. . . . . . . . . . . . . . . . . . . . . . . / . . . . . / . . . . . . . . .
. . . . . . . . . . . . . . . . . . . . . . . . . . . . . . . . . . . . . . .
. . . / . . . . / . . . . . / / / / . . . . . . . . . . . . . . . . . . . . .
. . . . . . . . . . . . . . . . . . . . . . . . . . . . . . . . . . . . . . .
. . . . . . . . . . . . . . . . . . / / . . . . . . . . . . . . . . . . . . .
. . . . . . . . . . . . . . . . . . . . . . . . / . . . . . . . . . . . . . .
. . . . . . . . . . . . . . . . % % % . . / . . . . . . . . . / . . . . . . .
. . . . . . . . . . . . . . . . . . . . . . . . . . . . . . . . . . . . . . .
. . . . . . . . . . % . . . . . . . . . . . . . . / % % . . . . . . . . . . .
. . . . % % % % % . % % . % . % . . . . . . . . . . . . . . . . . . . . . . .
. . . / . . . . . . . . . . . . . . . . . . . . . . . . . . . . . . . . . . .
. . . . . . . . . . . . . . . . . . . . . . . . . . . . . . . . . . . . . . .
. . . . . . . . . . . . . . . . . . . . . . . . . . . . . . . . . . . . . / .
. . . . . . . . . . . . . . . . . . . . . . . . . . . . . . . . . . . . . . .
. . . . . . . . . . . . . . . . . . . . . . . . / . . . . . . . . . . . . . .
. . . . . . . . . . . . . . . . . . . . . . . . . . . . . . . . % % % . . . .
. . . . . . . . . . . . . . . . . . . . % . . . . . . . . . . . . . . . . . .
. . . . . . . . . . . . . . . . . . . . . . . . . . . . . . . . . . . / . . .
. . . . . . . . . . . . . . . . . . . . . . . . . . . . . . . . . . . . . . .
. . . . . . . . . . . . . . . . . . . . . . . . . . . . . . . . . . . . . . .
. . . . . . . . . . . . . . . . . . . . . . . . . . . . . . . . . . . . . . .
. . . . . . . . . . . . . . . . . . . . . . . . . . . . . . . . . . . . . . .
. . . . . . . . . . . . . . . . . . . . . . . . . . . . . . . . . . . . . . .
. . . . . . . . . . . . . . . . . . . . . . . . . . . . . . . . . . . . . . .
. . . . . . . . . . . . . . . . . . . . . . . . . . . . . . . . . / . . . . .
. . . . . . . . . . . . . . . . . . . . . . . . . . . . . . . / % % % % . % %
% . . . . . . . % . . . . . . . . . . . . . . . . . . . . . . / % % % . . % %
% . . . . . . . . . . . . . . . . . . . . . / . . . . . . . . . . . . . . . .
. . . . . . . . . . . . . . . . . . . . . . . % % % % . . . . . . . . . . . .
. . . . . . . . . . . . % % . . . . . . . . . . . . . . . . . . . . . . . . .
. . / . . . . . . . . . . . . . . . . / . % . . . . . . . . . . . . . . . . .
. . . . . . . . . . % % % . . % % . . . . . . . . . . . . . . . . . . . . . .
. . . . . . . . . . . . . . . . . . . . . . . . % % . . . . . . . . . . . . .
. . . . . . . . . . . . . . . . . . . . . . . . . . . . . . . . . . . . . . .
. . . . . . . . . . . . . . . . . . . . . . . . . . . . . . . . / . % % . . %
. . . . . % % . . % % % . . . . % . % % . . . % % % . . . . . . . % . . . . %
. . . % . . . . . . . . . . . . . . . . . . . . . . . % . . % . . . . . . . .
. . . . . . . . . . . . . . . . . . . . . . . . . . . . . . . . . . . . . . .
. . . . . . . . . . . % % % . . . . . . % . . . . % % % . . . . . . . % . . .
. % . . . % . . . . . . . . . . . . . . . . . . . . . . . % . . % . . . . . .
. . . . . . . . . . . . . . . . . . . . . . . . . . . . . . . . . . . . . . .
. . . . . . . . / . . . . . . . . . . . . . . . . . . . . . . . . . . . . . .
. . % . . . . . . . . . . . . . . . . . . . . . . . . . . . . . . . . . . . .
. % . . . . . . . . . . . . . . . . . . . . . . . . . . . . . . . . . . . . .
. . . . . . . . . . . . . . . . . . . . . . . . . . . . . . . . . . . . . . .
. . . . . . . . . . . . . . . . . . . . . . . . . . . . . . . . . . . . . . .
. . . . . . . . . . . . . . . . . . . . . . . . . . . / . . . . . . . . . . .
% % % % % % % % . . . . . . . . . . . . . . . . % % % . . . . . . . . . . . .
. . . . . . . . / . . . . . . . . . . . . . . . . . . . . . . . . . . . . . .
. . . . . . . . . . . . . . . . . . . . . . . . . . . . . . . . . . . . . . .
. . . . . . . . . . . . . . . . . . . . . . . . . . . / . . . . . . . . . . .
. . . . . . . . . . / . . . . . . . . . . . . . . . . . . . . . . . . . . . .
. . . . . . . . . . . . / . . . . . . . . . . . . . / . . . . . . . . . . . .
. . . . . . . . / . . . . . . . . . / . . . . . . . . . . . . . . . . . . . .
. . . . . . . . . . . . . . . . . . . . . . % . . . . . . . . . . . . . . . .
. . . . . . . . . . . . . . . . . . . . . . . . . . . . . . . . . . . . . . .
. . . . . . . . . . . . . . . . . . . . . . . . . . . . . . . . . . . . . . .
. . . . . . . . . . . . . . . . . . . / . . . . . . . . . . . . . . . . . . .
/ . . . . . . . . . . . . / . . . . . . . . . . . . . . . . . . . . . . . . .
. . . / . . . . . . . . . . . . / . . / . . . . . . . . . . . . . . . . . . .
. . . . . . . . . . . . . . . . . . . . . . . . . . . . . . . . . . . . . . .
. . . . . . . . . . . . . . . . . . . . . . . . . . . . . . . . . . . . . . .
. . . . . . . . . . . . . . . . . . . . . . . . . . / . . . . . . . . . . . .
. . . . . . . . . . . . . . . . . . . . . . . . . . . . . . / . . . . . . . .
. . . . . . . . . . . . . . . . . . . . / / . . . . . . . . / / . . . . . . .
. . . . . . . . . . . . . . . . . . . . . . . . . . . . . . . . . . . . . . .
. . . . . . . . . . . . . . . . . . . . . . . . . . . . . . . . . . . . . . /
. . . . . . . . . . . . . . . . . . . . . . . . . . . . . . . . . . . % . % .
. . . % . . . . % . . . . . . . . . . . . . . . . / . . . . . % . % . . . . %
. . . . % . . . . . . . . . . . . . . . % % % % % % . % % % % % % . . . . . .
. . . . . . . . . . . . . . . . . . . . . . . . . . . . . . . . . . . . . . /
. . . . . . . . . . . . . . . . . . . / . . . . . . . . . . . . . . . . . . .
. . . . . . . . . . . . . . . . . / . . . . . . . . . . . . . . . . . . . . .
. . . . . . . . . . . . . / . . . . . . . / . . . . . . . . . . . . . . . . .
. . . . . . . . . . . . . . . . . . . . . . . . . . . / . . . . . . . . . . .
. . . . . . . . . . . . . . . . . . . . . . . . . . . . . . . . . . . . . . .
. . . . . . . . . . . . . . . . . . . . . . . . . . . . . . . % % . . . . . .
. . . . . . . / . . . . . . . . . . . . . . . . . . . . . . . . . . . . . . .
. . % . . . . . . . . . . . . . % . . . . . . . . . . . . . . . . . . . . . .
. . . . . . . . . . . . . . . . . . . . . . . . . . . . . . . . . . . . . . .
. . . . . . . . . . . . . . . . . . . . . . . . . . . . . . . . . . . . . . .
. . . . . . . . . . . . . . . . . . . . . . . . . . . . . . . . . . . . . . .
. . . . . . . . . . . . . . . . . . . . . . . . . . . . . . . . . % . . . . .
. . . . . . . . . . . . . . . . . . . . . . . . . . . . . . . . . . . . . . .
. . . . . . . . . . . / . . . . . . . . . . . . . . . . . . . . . . . . / . .
. . . . . . . . . . . . . . . . . . . . . . . . . . . . . . . . . . . . . . .
. . / . . . . . . . . . . . . . . . . . . . . . . . . . . . . . . . . . . . .
. . . . . . . . . . . . . . . . . . . . . . . . . . . . . . . . . . . . . . .
. . . . . . . . . . . . . . . . . . . . . . . . . . . . . . . . . . . . . . .
. . . . . . . . . . . . . . . . . . . . . . . . . . . . . . . . . . . . . . .
. . . . . . . . . . . . . . . . . . . . . . . . . . . . . . . . . . . . . . .
. . . . . . . . . . . . . . . . . . . . . . . . . . . . . . . . . . . . . . .
. . . . . . . . . . . . . . . . . . . . . . . . . . . . . . . . . . . . . . .
. . . . . . . . . . . . . . . . . . . . . . . . . . . . . . . . . . % . . . .
. . . . . . . . . . . . . . . . . . . . . . . . . . . . . . . . . . . . . . .
. . . . . . . . . . . . . . . . . . . . . . . . . % . . . . . . . . . . . . .
. . . . . . . . . . . . . . . . . . . . . . . . . . . . . . . . . . . . . . .
. . . . . . . . . . . . . . . . . . . . . . . . . . . . . . . . . . . . . . .
. . . . . . . . . . . . . . . . . . . . . . . . . . . . . . . . . . % . . . .
. . . . / % . % % % % . . . . . . . . . . . . . . . . . % % . . . . . . . . .
. . . . . . . . . . . . . . . . . . . . . . . . . . . . . . . . . . . . . . .
. . . . . . . . . . . . . . . . . / . . . % % % . . . . . . . . . . . . . . .
. . . . . . . . . . . . . . . . . . . . . . . . . . . . . . . . . . . . . . .
. . . . . . . . . . . . . . . . . . . . . . . . . . . . . . . . . . . . / % .
. . . . . . . . . . . . . . . . . . . . . . . . . . . . . . . . . . . . . . .
. . . . . . . . . . . . . . . . . . . . . . . . . . / . . . . . . . . . . . .
. . . . . . . . . . . . . . . . . . . . . . . . . . . . . . / . . . . . . . .
. . / . . . . . . . . . . . . . . . . . . . . . . . . . . . . . . . . . . . .
. . . . . . . . . . . . . . . . . . . . . . . . . . . . . . . . . . . % . . %
. % . . . . . . . . . . . . . . . . . . . . . . . . . . . . . . . . . . . . .
. . . . . . . . . . . . . . . . . . . . . . . . . . . . . . . . . . . . . . .
. . . . . . . . . . . . . . . . . . . . . . . . . . . . . . . . . . . . . . .
. . . . . . . . . . . . . . . . . . . . . . . . . . . . . . . . . . . . . . .
. . . . . . . . . . . . . . . . . . . . . . . . . . . . . . . . . . . . . . .
. . . . . . . . . % . . . . . . . . . . . . . . . . . . . . . . . . . . . . .
. . . . . . . . . . . . . . . . . . . . . % . . . / . % . . . % . . . . . . .
. . . . . . . . . . . . . . . . . . . . . . . . . . . . . . . . . . . . . . .
. . . . . . . . . . . . . . . . . . . . . . . . . . . . . . . . . . . . . . .
. . . . . . . . . . . . . . . . . . . . . . . . . . . . . . . . . . . . . . .
. . . . . . . . . . . . . . . . . . . . . . . . . . . . . . . . . . . . . . .
. . . . . . . . . . . . . . . . . . . . . . . . . . . . . . . . / . . . . . .
. / . . . . . / . . . . . . . . . . . . . . . . . . . . . . . . . . . . . . .
/ . . . . . . . . . . . . . . . . . . . / . . . . / . . . . . . . . . . . . .
. . . . . . . . . . . . . . . . . . . . . . . . . . . . . . . . . . . . . . .
. . . . . . . . . . . . . . . . . . . . . . / / . . . . . . . . . . . . . . .
. . . . . . . . . . . . . . . . . . . . . . . . . . . . . . . . . . . . . . .
. . . . . . . . . . . . . . . . . . . % % % . . / . . . . . . . . / . . . . .
. . . . . . . . . . . . . . . . . . . . . . . . . . . . . . . . . . . . . . .
. . . . . . . . . . . . % . . . . . . . . . . . . . . / % % . . . . . . . . .
. . . . . . . / . . . . . . . % % % . . . . . . . . . . . . . . . . . . . . .
. . . . . . . . . . . . . . . . . . . . . . . . . . . . . . . . . . . . . . .
. . . . . . . . . . . . . . . . . . . . . . . . . . . . . . . . . . . . . . .
. . . . . . . . . . . . . . . . . . . . . . . . . . . . . . . . . . . . . . .
. . . . . . . % . . . . . . . . . % . . . . . . . . . . . . . . . . . . . . .
. . . . . . . . / . . . . . . . . . . . . . . . . . . . . . . . . . . . . . .
. . . . . . . . . . . . . . . . . % % % . . . . . . . . . . . . . . . . . . .
. . . . . % . . . . . . . . . . . . . . . . . . . . . . . . . . . . . . . . .
. . . . . . . . . . . . . . . . . . . . . . . . . . . . . . . . . . . . . . .
. . . . . . . . . . . . . . . . . . . . . . . . . . . . . . . . . . . . . . .
. . . . . . . . . . . . . . . . . . . . . . . . . . . . . . . . . . . . . . .
. . . . . . . . . . . . . . . . . . . . . . . . . . . . . . . . . . . . . . .
. . . . . . . . . . . . . . . . . . . . . . . . . . . . . . . . . . . . . . .
. . . . . . . . . . . . . . . . . . . . . . . . . . . . . . . . . . . . . . .
. . . . . . . . . . . . . . . . . . . . . . . . % . . . . . . . . . . . . . .
. . . . . . . . . . . . . . . . . . . . . . . . . . . . . . . . . . . . . . .
. . . . . . . . . . . . % % % % % % % . . . . . . . . . . . . . . % % % . / %
% % % . % % % . . . . . . . % . . . . . . . . . . . . . . . . . . . . . . / %
% % . . % % % . . . . . . . . . . . . . . . . . . . . . . . . . . . . . . . .
. . . . . . . . . . . . . . . . . . . . . . . . . . . % % % % . . . . . . . .
. . . . . . . . . . . . . . . . . . . . . . . . . . . . . . . . . . . . . . .
. . . / . . . . . . . . . . . . . . . . . % . . . . . . . . . . . . . . . . .
. . . . . . . . . . % % % . . . . . . . . . . . . . . . . . . . . . . . . . .
. . . . . . . . . . . . . . . . . . . . . . . . % % . . . . . . . . . . . . .
. . . . . . . . . . . . . . . . . . . . . . . . . . . . . . . . . . . . . . .
. . . . . . . . . . . . . . . . . . . . . . . . . . . . . . . . . . % % . . %
. . . . . % % . . % % % . . . . % . % % . . . % % % . . . . . . . % . . . . %
. . . % . . . . . . . . . . . . . . . . . . . . . . . % . . % . . . . . . . .
. . . . . . . . . . . . . . . . . . . . . . . . . . . . . . . . . . . . . . .
. . . . . . . . . . . % % % . . . . . . % . . . . % % % . . . . . . . % . . .
. % . . . % . . . . . . . . . . . . . . . . . . . . . . . % . . % . . . . . .
. . . . . . . . . . . . . . . . . . . . . . . . . . . . . . . . . . . . . . .
. . . . . . . . . . / . . . . . . . . . . . . . . . . . . . . . . . . . . . .
. . . . . . . . . . . . . . . . . . . . . . . . . . . . . . . . . . . . . . .
. . % . . . . . . . . . . . . . . . . . . . . . . . . . . . . . . . . . . . .
. . . . . . . . . . . . . . . . . . . . . . . . . . . . . . . . . . . . . . .
. . . . . . . . . . . . . . . . . . . . . . . . . . . . . . . . . . . . . . .
. . . . . . . . . . . . . . . . . . . . . . . . . . . . . . . . . . . . / . .
. . . . . . . . . % % % % % % % % . . . . . . . . . . . . . . . . % % % . . .
. . . . . . . . . . . . . . . . . . . . . / . . . . . . . . . . . . . . . . .
. . . . . . . . . . . . . . . . . . . . . . . . . . . . . . . . . . . . . . .
. . . . . . . . . . . . . . / / . . . . . % % % % % . . . . . . . . . . . . .
. . . . . . . / . . . . . . . . . . . . . . . . . . . . . . . . . . . . . . .
. . . . . . . . . . . . . . . . . . . . . . . . . . . . . . . . . . . . . . .
. . . . . . . . . . / . . . . . . . . . . . . . . . . . . . . . . . . . . . .
. . . . . . . . . . . . . . . . . . . . . . . . . . . . . . . . . . . . . . .
. % . . . . . . . . . . . . . . . . . . . . . . . . . . . . . . . . . . . . .
. . . . . . . . . . . . . . . . . . . . . . . . . . . . . . . . . . . . . . .
. . . . . . . . . . . . . . . . . . . . . . . . . . . . . . . . . . . . . . .
. . . . . . . . . . . . . . . . . . / . . . . . . . . . . . . . . . . . . . .
. . . . . . . . . . . . . . . . . . . . . / . . . . . . . . . . . . / . . / .
. . . . . . . . . . . . . . % . % . . . . . . . . . . . . . . . . . . . . . .
. . . . . . % . % . . . . . . . . . . . . . . . . . . . . . . . . . . . . . .
. . . . . . . . . . . . . . . . . . . . . . . . . . . . . . . . . . . . . . .
. . . . . . . . . . . . . % . . % . . . . . . . . . . . . . . . . . . . . . .
. . . . . . . . . . . . . . . . . . . . . . . . . . . . . . . . . . . . . . .
. . . . . . . . . . . . . . . . . . . . . . . . . . . . . % . . . . . . . . .
. . . . . . . . . . . . . . . . . . . . . . . . . . . . . . . . . . . . . . .
. . / . . . . . . . . . . . . . . . . . . . . . . . . . . . . . . . . . . . .
. . . . % . % . . . . % . . . . % . . . . . . . . . . . . . . . . / . . . . .
% . % . . . . % . . . . % . . . . . . . . . . . . . . . % % % % % % . % % % %
% % . . . . . . . . . . . . . . . . . . . . . . . . . . . . . . . . . . . . .
. . . . . . . . / . . . . . . . . . . . . . . . . . . . . . . . . . . . . . .
. . . . . . . . . . . . . . . . . . . . . . . . . . . . . . . . . . . . . . .
. . . . . . . . . . . . . . . . . / . . . . . . . . . . . . . . . . . . . . .
. . . . . . . . . . . . . . . . . . . . . . . . . . . . . . . . . . . . . . .
. . . % % . . . . . . . . . . . . . . . . . . . . . . . . . . . . . . . . . .
. . . . . . . . . . . . . . . . . . . . . . . . . . . . . . . . . . . . . % %
. . . . . . . . . . . . . . . . . . . . . . . . . . . . . . . . . . . . . . .
. . . . . . . . % . . . . . . . . . . . . . % . . . . . . . . . . . . . . . .
. . . . . . . . . . . . . . . . . . . . . . . . . . . . . . . . . . . . . . .
. . . . . . . . . . . . . . . . . . . . . . . . . . . . . . . . . . . . . . .
. . . . . . . . . . . . . . . . . . . . . . . . . . . . . . . . . . . . . . .
. . . . . . . . . . . . . . . . . . . . . . . . . . . . . . . . . . . . % . .
. . . . . . . . . . . . . . . . . . . . . . . . . . . . . . . . . . . . . . /
. . . . . . . . . . . . . . . . / . . . . . . . . . . . . . . . . . . . . . .
/ . . . . . . . . . . . . . . . . . . . . . . . . . . . . . . . . . . . . . .
. . . . / . . . . . . . . . . . . . . . . . . . . . . . . . . . . . . . . . .
. . . . . . . . . . . . . . . . . % % . . . . . . . . . . . . . . . . . . . .
. . . . . . . . . . . . . . . . . . . . . . . . . . . . . . . . . . . . . . .
. . . . . . . . . . . . . . . . . . . . . . . . . . . . . . . . . . . . . . .
. . . . . . . . . . . . . . . . . . . . . . . . . . . . . . . . . . . . . . .
. . . . . . . . . . . . . . . . . . . . . . . . . . . . . . . . . . . . . . .
. . . . . . . . . . . . . . . . . . . . . . . . . . . . . . . . . . . . % % %
% % % % % . % % % % % % . % % % % % . % % % % % % % . / . . . . . . . . . . .
. . . . . . . . . . . . . . . . . . . . . . . . . . / . . . . . . . . . . . .
. . . . . . . % . . . . . . . . . . . . . . . . . . . . . . . . . . . . . . .
. % . . . . . . . . . . . . . . . . . . . . . . . . . . . . . . . . . . . . .
. . . . % . . . . . . . . . . . . . . . . . . . . . . . . . . . . . . . . . .
. . . . . . . . . . . . . . . . . . . . . . . . . . . . . . . . . . . . . . .
. . . . . . . . . . . . . . . . . . . . . . . . . . . . . . . . . . . . . . .
. . . / / . . . . . . . . . . . % . . . . . . . . . . . . . . . . . . . . . .
. . . % % % % % . . . . . . . . . . . . . . . . . . . . . . . . . . . . . . .
. . . . . . . . . . . . . . . . . . / . . . . . . . . . . . . . . / . . . . .
. . . . . . . . . . . . . . . . / . . . . . . . . . . / . . . . . . . . . . /
. . . . . . . . . . . / . . . . . . . . . / . . . . . / . . . . . . / . . . .
. / . . . . . / . . . . . . . . . . . . . . . . . . . . . . . . . . . . / . .
. . . / . . . . . . . . . . / . . . . . / . . . . . . . / . . . . . . . . . .
. . . . . . / . . . . . . . . / . . . . . . . . / . . . . . . . . . . . / . .
. . . . . . . . . . . . . . . . . . . . . % % % % . % % % % . / / . . . . . .
. . . . . . . . . . . . . . . . . . . . . . . . . . . . . . . . . . . / % % %
% % % % . . . . . . . . . . . . . . . . . . . . . . % % % . . . % % % % % >
<*package % . . . % % % % . . . . . % % % % % . . . . . . . . . . . . . . . .
. . . . . . . . % % % % . . % % % % % % % % . . . . . . . . . . . . . . . . .
. . % % % . . . . . . . . . . . . % % % % . . . . . . . . . . . . . . . . . .
. . . . . . . . . . . . . . . . . . . . . . . . . . . . . . . % % % % % . . .
. . . . . % % % % % % % % % . . . . . . . . . . . . . . . . . . . . . . . . .
. . . . % % % . . . . . . . . . . . . . % % % % % % % % % . . . . . . . . . .
. . . . . . . . . . . . . . . . . . . . . . . . % % % % % % % % % % % % % % %
% % % % % % % % % % % % % % % % % % % % % % % % % . % % % % % % % % . . . . .
. . . . . . . . . . . . . . . . . . . . . . % % % % % % % . . % % % % % % % %
% % % % . % % % % % % % % % . . % % % % . . . . . . . . . . . . . . . . . . .
. . . % % % % % % % % % % % % % % % % % % % . . . . . . . % % % % % % % % % %
% % % % % % % % . . . % % % % % % % % % % % % % % % % % % % % % % % % % % % %
% % % % % % % % % % % % % % % . . . . . . . . . . . . . . . . % % % . . . . .
. . . . . . % % % % % % % % % % % % . . . . . . . % . . . . . . . % . . . . .
. . % % % . . . . . . . . . . . . . . . . % % % % . . . . . . . . . . . . . .
. . . . . . . . . . . . . . . % % % . . . . . . . . . . . . % % % % . . . . .
. . . . . . . . . . . . . . % % % % . . . . . . . . . . . . . . % % % . . . %
% % . . . . . . . . . % % % % . . . . . . . . . . % % % . . . . . . . . . . .
. . . . . . % % % % % % % % % % . . . . . . . . . . . . . . . . . . . . % % %
% % . . . . . . . . . . . . . . . . . . . . . . . . . . % % % % % % % % % % %
% % % . . . . . . . . . . . . . . . . . . . . . . % % % % % % % % . . . . . .
% % % % % . . . . . . . . . . . . . . . . . . . . . . . % % % . . . . . . . .
. % % % % % % % . . . . . . % % % % % % % . . . . . . . . . . . . . . . . % %
% % % % % % % % % % % % % % % % . . . . . . . . . . . . . . . . . . . . . . .
. . . . . . . . . . . . . % % % % % . . . . . . % % % % . . . . . . . . . . .
. % % % . . . . . . % % % . . . . . . % % % . . . . . . % % % . . . . . . . %
% % % % % % % % % % % % % . . % % % % % % % % % % . . . . . . . . . . . . . .
. . . . . . . . . . . . . . . . . . . . . . . . . . . . . . . . . . . . . . .
. . . . . . . . . . . . . . . . . . . . . . . . . . . . . . . . . . . . . . .
. . . . . . . . . . . . . . . . . . . . . . . . . . . . . . % % % . . . % % %
% % . . . . . . . . % % % % % % % % . . . . . . . . . . . . . . . . . . . . .
. . . . . . % % % . . . . . . . . . . . % % % % . . . . . . . . . . . . . . .
. . . . . . . . . . . % % % % % % % % . . . % % % . . . . . . . . . . . . . .
. . . . . . . . . . . . . . . . . . . . . . . . . . . . . . . . . . . . . . .
. . . . . . . . . . . . . . . . . . . . . . . . . . . . % % % . . . . . . . .
. . . . % % % . . . . . . . . . . . . % % % . . . . . . . . . . . . % % % . .
. . . . . . . . . . . . . . . . . . . . . . . . . . . . % % % . . . . . . . .
. . % % % . . . . . . . . . . . . . . . . . . . . . . . . . % % % . . . . . .
. . . % % % % . . . . . . . . . . . . . . . . . . . . . % % % . . . . . . . .
. . % % % . . . . . . . . . . . . . . . . . . . . . . . . . . . % % % % . . .
. . . % % % % % % % % % . . . . . . . . . . . . . . . . . . . . . . . . . . .
. % % % . . . . . . . . . . . . . . % % % % % % % % % % % % % % % % % % % % %
% % % % % % . . . . . . . . . . . . . . . . . . . . . . . . . % % % % % % % %
% % . . . . . . . . . . . . . . % % % % % % . . . . . . . . . . . . . . . . .
. . . . . . . . . . . . . . % % % . . . . . . . . . . . % % % % . . . . % % %
. . . . . . . . . .
File etoc.dtx ended by \endinput.
Lines  processed: 12614
Comments removed: 1008
Comments  passed: 102
Codelines passed: 11485

************************************************************************
*
* To finish the installation you have to move the following
* file into a directory searched by TeX:
*
*     etoc.sty
*
* To produce the documentation run latex thrice on file etoc.tex
* (or etoc-DE.tex) and then run dvipdfmx on file etoc.dvi, resp.
* etoc-DE.dvi
*
* Happy TeXing!
*
************************************************************************
 )
No pages of output.
